C:\Program Files\Microsoft Visual Studio\2022\Community\MSBuild\Microsoft\VC\v170\Microsoft.CppBuild.targets(1126,5): warning MSB4211: The property "GetTargetPathDependsOn" is being set to a value for the first time, but it was already consumed at "C:\Program Files\Microsoft Visual Studio\2022\Community\MSBuild\Current\Bin\amd64\Microsoft.Common.CurrentVersion.targets (2243,5)".
  Moc'ing ..\src\GUI-QT\AnalogDemDlg.h...
  The system cannot find the path specified.
  Moc'ing ..\src\GUI-QT\DialogUtil.h...
  The system cannot find the path specified.
  Moc'ing ..\src\GUI-QT\EPGDlg.h...
  The system cannot find the path specified.
  Moc'ing ..\src\GUI-QT\fdrmdialog.h...
  The system cannot find the path specified.
  Moc'ing ..\src\GUI-QT\fmdialog.h...
  The system cannot find the path specified.
  Moc'ing ..\src\GUI-QT\GeneralSettingsDlg.h...
  The system cannot find the path specified.
  Moc'ing ..\src\GUI-QT\LiveScheduleDlg.h...
  The system cannot find the path specified.
  Moc'ing ..\src\GUI-QT\Logging.h...
  The system cannot find the path specified.
  Moc'ing ..\src\GUI-QT\MultColorLED.h...
  The system cannot find the path specified.
  Moc'ing ..\src\GUI-QT\MultimediaDlg.h...
  The system cannot find the path specified.
  Moc'ing ..\src\GUI-QT\MultSettingsDlg.h...
  The system cannot find the path specified.
  Moc'ing ..\src\GUI-QT\qt2\DRMPlot.h...
  The system cannot find the path specified.
  Moc'ing ..\src\GUI-QT\Rig.h...
  The system cannot find the path specified.
  Moc'ing ..\src\GUI-QT\StationsDlg.h...
  The system cannot find the path specified.
  Moc'ing ..\src\GUI-QT\systemevalDlg.h...
  The system cannot find the path specified.
  Moc'ing ..\src\GUI-QT\TransmDlg.h...
  The system cannot find the path specified.
  Moc'ing ..\src\MDI\PacketSocketQT.h...
  The system cannot find the path specified.
  Uic'ing ..\src\GUI-QT\qt2\AboutDlgbase.ui...
  The system cannot find the path specified.
  The system cannot find the path specified.
  The system cannot find the path specified.
  Uic'ing ..\src\GUI-QT\qt2\AMSSDlgbase.ui...
  The system cannot find the path specified.
  The system cannot find the path specified.
  The system cannot find the path specified.
  Uic'ing ..\src\GUI-QT\qt2\AnalogDemDlgbase.ui...
  The system cannot find the path specified.
  The system cannot find the path specified.
  The system cannot find the path specified.
  Uic'ing ..\src\GUI-QT\qt2\EPGDlgbase.ui...
  The system cannot find the path specified.
  The system cannot find the path specified.
  The system cannot find the path specified.
  Uic'ing ..\src\GUI-QT\qt2\fdrmdialogbase.ui...
  The system cannot find the path specified.
  The system cannot find the path specified.
  The system cannot find the path specified.
  Uic'ing ..\src\GUI-QT\qt2\fmdialogbase.ui...
  The system cannot find the path specified.
  The system cannot find the path specified.
  The system cannot find the path specified.
  Uic'ing ..\src\GUI-QT\qt2\GeneralSettingsDlgbase.ui...
  The system cannot find the path specified.
  The system cannot find the path specified.
  The system cannot find the path specified.
  Uic'ing ..\src\GUI-QT\qt2\LiveScheduleDlgbase.ui...
  The system cannot find the path specified.
  The system cannot find the path specified.
  The system cannot find the path specified.
  Uic'ing ..\src\GUI-QT\qt2\MultimediaDlgbase.ui...
  The system cannot find the path specified.
  The system cannot find the path specified.
  The system cannot find the path specified.
  Uic'ing ..\src\GUI-QT\qt2\MultSettingsDlgbase.ui...
  The system cannot find the path specified.
  The system cannot find the path specified.
  The system cannot find the path specified.
  Uic'ing ..\src\GUI-QT\qt2\StationsDlgbase.ui...
  The system cannot find the path specified.
  The system cannot find the path specified.
  The system cannot find the path specified.
  Uic'ing ..\src\GUI-QT\qt2\systemevalDlgbase.ui...
  The system cannot find the path specified.
  The system cannot find the path specified.
  The system cannot find the path specified.
  Uic'ing ..\src\GUI-QT\qt2\TransmDlgbase.ui...
  The system cannot find the path specified.
  The system cannot find the path specified.
  The system cannot find the path specified.
C:\Program Files\Microsoft Visual Studio\2022\Community\MSBuild\Microsoft\VC\v170\Microsoft.CppCommon.targets(254,5): error MSB8066: Custom build for '..\src\GUI-QT\AnalogDemDlg.h;..\src\GUI-QT\DialogUtil.h;..\src\GUI-QT\EPGDlg.h;..\src\GUI-QT\fdrmdialog.h;..\src\GUI-QT\fmdialog.h;..\src\GUI-QT\GeneralSettingsDlg.h;..\src\GUI-QT\LiveScheduleDlg.h;..\src\GUI-QT\Logging.h;..\src\GUI-QT\MultColorLED.h;..\src\GUI-QT\MultimediaDlg.h;..\src\GUI-QT\MultSettingsDlg.h;..\src\GUI-QT\qt2\DRMPlot.h;..\src\GUI-QT\Rig.h;..\src\GUI-QT\StationsDlg.h;..\src\GUI-QT\systemevalDlg.h;..\src\GUI-QT\TransmDlg.h;..\src\MDI\PacketSocketQT.h;..\src\GUI-QT\qt2\AboutDlgbase.ui;..\src\GUI-QT\qt2\AMSSDlgbase.ui;..\src\GUI-QT\qt2\AnalogDemDlgbase.ui;..\src\GUI-QT\qt2\EPGDlgbase.ui;..\src\GUI-QT\qt2\fdrmdialogbase.ui;..\src\GUI-QT\qt2\fmdialogbase.ui;..\src\GUI-QT\qt2\GeneralSettingsDlgbase.ui;..\src\GUI-QT\qt2\LiveScheduleDlgbase.ui;..\src\GUI-QT\qt2\MultimediaDlgbase.ui;..\src\GUI-QT\qt2\MultSettingsDlgbase.ui;..\src\GUI-QT\qt2\StationsDlgbase.ui;..\src\GUI-QT\qt2\systemevalDlgbase.ui;..\src\GUI-QT\qt2\TransmDlgbase.ui' exited with code 3.
